[05апр2023 19:26:53.158] [main/INFO] [cpw.mods.modlauncher.Launcher/MODLAUNCHER]: ModLauncher running: args [--gameDir, ., --launchTarget, fmluserdevclient, --fml.mcpVersion, 20210115.111550, --fml.mcVersion, 1.16.5, --fml.forgeGroup, net.minecraftforge, --fml.forgeVersion, 36.2.39, --assetIndex, 1.16, --assetsDir, C:\Users\Данил\.gradle\caches\forge_gradle\assets, --version, MOD_DEV, --username, Dev, --accessToken, ????????, --userProperties, {}]
[05апр2023 19:26:53.162] [main/INFO] [cpw.mods.modlauncher.Launcher/MODLAUNCHER]: ModLauncher 8.1.3+8.1.3+main-8.1.x.c94d18ec starting: java version 1.8.0_321 by Oracle Corporation
[05апр2023 19:26:54.123] [main/INFO] [net.minecraftforge.fml.loading.FixSSL/CORE]: Added Lets Encrypt root certificates as additional trust
[05апр2023 19:26:54.204] [main/INFO] [mixin/]: SpongePowered MIXIN Subsystem Version=0.8.4 Source=file:/C:/Users/%d0%94%d0%b0%d0%bd%d0%b8%d0%bb/.gradle/caches/modules-2/files-2.1/org.spongepowered/mixin/0.8.4/4ec7d77d9ab32596ca0b78bb123956734767e3a/mixin-0.8.4.jar Service=ModLauncher Env=CLIENT
[05апр2023 19:26:56.766] [main/FATAL] [net.minecraftforge.fml.loading.moddiscovery.ModInfo/]: Invalid modId found in file C:\Users\Данил\Desktop\Storytelling\build\resources\main - Storytelling does not match the standard: ^[a-z][a-z0-9_-]{1,63}$
[05апр2023 19:26:56.767] [main/INFO] [STDERR/]: [java.lang.ThreadGroup:uncaughtException:1052]: net.minecraftforge.fml.loading.moddiscovery.InvalidModFileException: Invalid modId found : Storytelling (main)
[05апр2023 19:26:56.767] [main/INFO] [STDERR/]: [java.lang.ThreadGroup:uncaughtException:1052]: 	at net.minecraftforge.fml.loading.moddiscovery.ModInfo.<init>(ModInfo.java:55)
[05апр2023 19:26:56.767] [main/INFO] [STDERR/]: [java.lang.ThreadGroup:uncaughtException:1052]: 	at net.minecraftforge.fml.loading.moddiscovery.ModFileInfo.lambda$new$2(ModFileInfo.java:80)
[05апр2023 19:26:56.768] [main/INFO] [STDERR/]: [java.lang.ThreadGroup:uncaughtException:1052]: 	at java.util.stream.ReferencePipeline$3$1.accept(ReferencePipeline.java:193)
[05апр2023 19:26:56.768] [main/INFO] [STDERR/]: [java.lang.ThreadGroup:uncaughtException:1052]: 	at java.util.ArrayList$ArrayListSpliterator.forEachRemaining(ArrayList.java:1384)
[05апр2023 19:26:56.768] [main/INFO] [STDERR/]: [java.lang.ThreadGroup:uncaughtException:1052]: 	at java.util.stream.AbstractPipeline.copyInto(AbstractPipeline.java:482)
[05апр2023 19:26:56.768] [main/INFO] [STDERR/]: [java.lang.ThreadGroup:uncaughtException:1052]: 	at java.util.stream.AbstractPipeline.wrapAndCopyInto(AbstractPipeline.java:472)
[05апр2023 19:26:56.768] [main/INFO] [STDERR/]: [java.lang.ThreadGroup:uncaughtException:1052]: 	at java.util.stream.ReduceOps$ReduceOp.evaluateSequential(ReduceOps.java:708)
[05апр2023 19:26:56.768] [main/INFO] [STDERR/]: [java.lang.ThreadGroup:uncaughtException:1052]: 	at java.util.stream.AbstractPipeline.evaluate(AbstractPipeline.java:234)
[05апр2023 19:26:56.768] [main/INFO] [STDERR/]: [java.lang.ThreadGroup:uncaughtException:1052]: 	at java.util.stream.ReferencePipeline.collect(ReferencePipeline.java:499)
[05апр2023 19:26:56.769] [main/INFO] [STDERR/]: [java.lang.ThreadGroup:uncaughtException:1052]: 	at net.minecraftforge.fml.loading.moddiscovery.ModFileInfo.<init>(ModFileInfo.java:81)
[05апр2023 19:26:56.769] [main/INFO] [STDERR/]: [java.lang.ThreadGroup:uncaughtException:1052]: 	at net.minecraftforge.fml.loading.moddiscovery.ModFileParser.modsTomlParser(ModFileParser.java:48)
[05апр2023 19:26:56.769] [main/INFO] [STDERR/]: [java.lang.ThreadGroup:uncaughtException:1052]: 	at net.minecraftforge.fml.loading.moddiscovery.ModFileParser.readModList(ModFileParser.java:32)
[05апр2023 19:26:56.769] [main/INFO] [STDERR/]: [java.lang.ThreadGroup:uncaughtException:1052]: 	at net.minecraftforge.fml.loading.moddiscovery.ModFile.identifyMods(ModFile.java:99)
[05апр2023 19:26:56.769] [main/INFO] [STDERR/]: [java.lang.ThreadGroup:uncaughtException:1052]: 	at net.minecraftforge.fml.loading.moddiscovery.ModDiscoverer.discoverMods(ModDiscoverer.java:107)
[05апр2023 19:26:56.769] [main/INFO] [STDERR/]: [java.lang.ThreadGroup:uncaughtException:1052]: 	at net.minecraftforge.fml.loading.FMLLoader.beginModScan(FMLLoader.java:202)
[05апр2023 19:26:56.770] [main/INFO] [STDERR/]: [java.lang.ThreadGroup:uncaughtException:1052]: 	at net.minecraftforge.fml.loading.FMLServiceProvider.runScan(FMLServiceProvider.java:93)
[05апр2023 19:26:56.770] [main/INFO] [STDERR/]: [java.lang.ThreadGroup:uncaughtException:1052]: 	at cpw.mods.modlauncher.TransformationServiceDecorator.runScan(TransformationServiceDecorator.java:114)
[05апр2023 19:26:56.770] [main/INFO] [STDERR/]: [java.lang.ThreadGroup:uncaughtException:1052]: 	at cpw.mods.modlauncher.TransformationServicesHandler.lambda$runScanningTransformationServices$8(TransformationServicesHandler.java:115)
[05апр2023 19:26:56.770] [main/INFO] [STDERR/]: [java.lang.ThreadGroup:uncaughtException:1052]: 	at java.util.stream.ReferencePipeline$7$1.accept(ReferencePipeline.java:267)
[05апр2023 19:26:56.770] [main/INFO] [STDERR/]: [java.lang.ThreadGroup:uncaughtException:1052]: 	at java.util.HashMap$ValueSpliterator.forEachRemaining(HashMap.java:1656)
[05апр2023 19:26:56.770] [main/INFO] [STDERR/]: [java.lang.ThreadGroup:uncaughtException:1052]: 	at java.util.stream.AbstractPipeline.copyInto(AbstractPipeline.java:482)
[05апр2023 19:26:56.770] [main/INFO] [STDERR/]: [java.lang.ThreadGroup:uncaughtException:1052]: 	at java.util.stream.AbstractPipeline.wrapAndCopyInto(AbstractPipeline.java:472)
[05апр2023 19:26:56.770] [main/INFO] [STDERR/]: [java.lang.ThreadGroup:uncaughtException:1052]: 	at java.util.stream.ReduceOps$ReduceOp.evaluateSequential(ReduceOps.java:708)
[05апр2023 19:26:56.770] [main/INFO] [STDERR/]: [java.lang.ThreadGroup:uncaughtException:1052]: 	at java.util.stream.AbstractPipeline.evaluate(AbstractPipeline.java:234)
[05апр2023 19:26:56.771] [main/INFO] [STDERR/]: [java.lang.ThreadGroup:uncaughtException:1052]: 	at java.util.stream.ReferencePipeline.collect(ReferencePipeline.java:499)
[05апр2023 19:26:56.771] [main/INFO] [STDERR/]: [java.lang.ThreadGroup:uncaughtException:1052]: 	at cpw.mods.modlauncher.TransformationServicesHandler.runScanningTransformationServices(TransformationServicesHandler.java:116)
[05апр2023 19:26:56.771] [main/INFO] [STDERR/]: [java.lang.ThreadGroup:uncaughtException:1052]: 	at cpw.mods.modlauncher.TransformationServicesHandler.initializeTransformationServices(TransformationServicesHandler.java:63)
[05апр2023 19:26:56.771] [main/INFO] [STDERR/]: [java.lang.ThreadGroup:uncaughtException:1052]: 	at cpw.mods.modlauncher.Launcher.run(Launcher.java:76)
[05апр2023 19:26:56.771] [main/INFO] [STDERR/]: [java.lang.ThreadGroup:uncaughtException:1052]: 	at cpw.mods.modlauncher.Launcher.main(Launcher.java:66)
[05апр2023 19:26:56.771] [main/INFO] [STDERR/]: [java.lang.ThreadGroup:uncaughtException:1052]: 	at net.minecraftforge.userdev.LaunchTesting.main(LaunchTesting.java:94)
